#
# There is insufficient memory for the Java Runtime Environment to continue.
# Native memory allocation (malloc) failed to allocate 32744 bytes for ChunkPool::allocate
# Possible reasons:
#   The system is out of physical RAM or swap space
#   In 32 bit mode, the process size limit was hit
# Possible solutions:
#   Reduce memory load on the system
#   Increase physical memory or swap space
#   Check if swap backing store is full
#   Use 64 bit Java on a 64 bit OS
#   Decrease Java heap size (-Xmx/-Xms)
#   Decrease number of Java threads
#   Decrease Java thread stack sizes (-Xss)
#   Set larger code cache with -XX:ReservedCodeCacheSize=
# This output file may be truncated or incomplete.
#
#  Out of Memory Error (allocation.cpp:273), pid=28776, tid=0x0000000000008198
#
# JRE version: Java(TM) SE Runtime Environment (8.0_131-b11) (build 1.8.0_131-b11)
# Java VM: Java HotSpot(TM) 64-Bit Server VM (25.131-b11 mixed mode windows-amd64 compressed oops)
# Failed to write core dump. Minidumps are not enabled by default on client versions of Windows
#

---------------  T H R E A D  ---------------

Current thread (0x00000000172ad800):  JavaThread "C1 CompilerThread2" daemon [_thread_in_native, id=33176, stack(0x0000000018eb0000,0x0000000018fb0000)]

Stack: [0x0000000018eb0000,0x0000000018fb0000]
[error occurred during error reporting (printing stack bounds), id 0xc0000005]

Native frames: (J=compiled Java code, j=interpreted, Vv=VM code, C=native code)


Current CompileTask:
C1:   1266  596       3       org.codehaus.plexus.util.xml.pull.MXParser::parseStartTag (1195 bytes)


---------------  P R O C E S S  ---------------

Java Threads: ( => current thread )
  0x00000000189b7000 JavaThread "Service Thread" daemon [_thread_blocked, id=27612, stack(0x0000000018fb0000,0x00000000190b0000)]
=>0x00000000172ad800 JavaThread "C1 CompilerThread2" daemon [_thread_in_native, id=33176, stack(0x0000000018eb0000,0x0000000018fb0000)]
  0x00000000172ad000 JavaThread "C2 CompilerThread1" daemon [_thread_in_native, id=19764, stack(0x0000000018db0000,0x0000000018eb0000)]
  0x000000001724c000 JavaThread "C2 CompilerThread0" daemon [_thread_in_native, id=1436, stack(0x00000000188b0000,0x00000000189b0000)]
  0x0000000017258800 JavaThread "Attach Listener" daemon [_thread_blocked, id=32204, stack(0x00000000187b0000,0x00000000188b0000)]
  0x0000000017257800 JavaThread "Signal Dispatcher" daemon [_thread_blocked, id=23836, stack(0x00000000186b0000,0x00000000187b0000)]
  0x0000000017239000 JavaThread "Finalizer" daemon [_thread_blocked, id=33356, stack(0x00000000184b0000,0x00000000185b0000)]
  0x0000000002751000 JavaThread "Reference Handler" daemon [_thread_blocked, id=11560, stack(0x00000000183b0000,0x00000000184b0000)]
  0x000000000265e000 JavaThread "main" [_thread_in_Java, id=19592, stack(0x0000000002540000,0x0000000002640000)]

Other Threads:
  0x0000000017217800 VMThread [stack: 0x00000000182b0000,0x00000000183b0000] [id=11172]
  0x00000000189d2000 WatcherThread [stack: 0x00000000190b0000,0x00000000191b0000] [id=32960]

VM state:not at safepoint (normal execution)

VM Mutex/Monitor currently owned by a thread: None

Heap:
 PSYoungGen      total 37888K, used 24489K [0x00000000d6000000, 0x00000000d8a00000, 0x0000000100000000)
  eden space 32768K, 74% used [0x00000000d6000000,0x00000000d77ea528,0x00000000d8000000)
  from space 5120K, 0% used [0x00000000d8500000,0x00000000d8500000,0x00000000d8a00000)
  to   space 5120K, 0% used [0x00000000d8000000,0x00000000d8000000,0x00000000d8500000)
 ParOldGen       total 86016K, used 0K [0x0000000082000000, 0x0000000087400000, 0x00000000d6000000)
  object space 86016K, 0% used [0x0000000082000000,0x0000000082000000,0x0000000087400000)
 Metaspace       used 8395K, capacity 8540K, committed 8832K, reserved 1056768K
  class space    used 1011K, capacity 1080K, committed 1152K, reserved 1048576K

Card table byte_map: [0x0000000011b20000,0x0000000011f20000] byte_map_base: 0x0000000011710000

Marking Bits: (ParMarkBitMap*) 0x00000000690dc720
 Begin Bits: [0x00000000125c0000, 0x0000000014540000)
 End Bits:   [0x0000000014540000, 0x00000000164c0000)

Polling page: 0x0000000000c70000

CodeCache: size=245760Kb used=2702Kb max_used=2713Kb free=243057Kb
 bounds [0x0000000002760000, 0x0000000002a10000, 0x0000000011760000]
 total_blobs=914 nmethods=590 adapters=237
 compilation: enabled

Compilation events (10 events):
Event: 1.261 Thread 0x00000000172ad800 nmethod 568 0x0000000002a03d10 code [0x0000000002a03e80, 0x0000000002a04048]
Event: 1.261 Thread 0x00000000172ad800  588       3       org.codehaus.plexus.util.xml.pull.MXParser::isS (30 bytes)
Event: 1.261 Thread 0x00000000172ad800 nmethod 588 0x0000000002a04110 code [0x0000000002a04280, 0x0000000002a044d0]
Event: 1.261 Thread 0x00000000172ad800  589       3       org.codehaus.plexus.util.xml.pull.MXParser::getText (125 bytes)
Event: 1.261 Thread 0x00000000172ad800 nmethod 589 0x0000000002a04550 code [0x0000000002a046e0, 0x0000000002a04b98]
Event: 1.261 Thread 0x00000000172ad800  591       3       org.codehaus.plexus.util.xml.pull.MXParser::isNameStartChar (63 bytes)
Event: 1.261 Thread 0x00000000172ad800 nmethod 591 0x0000000002a04c90 code [0x0000000002a04e00, 0x0000000002a05190]
Event: 1.261 Thread 0x000000001724c000 nmethod 590 0x0000000002a07f90 code [0x0000000002a080e0, 0x0000000002a081e8]
Event: 1.261 Thread 0x000000001724c000  592       4       org.codehaus.plexus.util.InterpolationFilterReader::read (477 bytes)
Event: 1.264 Thread 0x00000000172ad800  596       3       org.codehaus.plexus.util.xml.pull.MXParser::parseStartTag (1195 bytes)

GC Heap History (0 events):
No events

Deoptimization events (2 events):
Event: 0.807 Thread 0x000000000265e000 Uncommon trap: reason=unstable_if action=reinterpret pc=0x000000000290b070 method=java.lang.String.<init>([CII)V @ 18
Event: 1.249 Thread 0x000000000265e000 Uncommon trap: reason=unstable_if action=reinterpret pc=0x00000000029434a4 method=org.codehaus.plexus.util.xml.pull.MXParser.more()C @ 8

Internal exceptions (10 events):
Event: 1.243 Thread 0x000000000265e000 Exception <a 'java/lang/ArrayIndexOutOfBoundsException'> (0x00000000d75acb40) thrown at [C:\re\workspace\8-2-build-windows-amd64-cygwin\jdk8u131\8869\hotspot\src\share\vm\runtime\sharedRuntime.cpp, line 605]
Event: 1.243 Thread 0x000000000265e000 Exception <a 'java/lang/ArrayIndexOutOfBoundsException'> (0x00000000d75ad8c8) thrown at [C:\re\workspace\8-2-build-windows-amd64-cygwin\jdk8u131\8869\hotspot\src\share\vm\runtime\sharedRuntime.cpp, line 605]
Event: 1.243 Thread 0x000000000265e000 Exception <a 'java/lang/ArrayIndexOutOfBoundsException'> (0x00000000d75af210) thrown at [C:\re\workspace\8-2-build-windows-amd64-cygwin\jdk8u131\8869\hotspot\src\share\vm\runtime\sharedRuntime.cpp, line 605]
Event: 1.243 Thread 0x000000000265e000 Exception <a 'java/lang/ArrayIndexOutOfBoundsException'> (0x00000000d75affb0) thrown at [C:\re\workspace\8-2-build-windows-amd64-cygwin\jdk8u131\8869\hotspot\src\share\vm\runtime\sharedRuntime.cpp, line 605]
Event: 1.243 Thread 0x000000000265e000 Exception <a 'java/lang/ArrayIndexOutOfBoundsException'> (0x00000000d75b1d50) thrown at [C:\re\workspace\8-2-build-windows-amd64-cygwin\jdk8u131\8869\hotspot\src\share\vm\runtime\sharedRuntime.cpp, line 605]
Event: 1.243 Thread 0x000000000265e000 Exception <a 'java/lang/ArrayIndexOutOfBoundsException'> (0x00000000d75b41a8) thrown at [C:\re\workspace\8-2-build-windows-amd64-cygwin\jdk8u131\8869\hotspot\src\share\vm\runtime\sharedRuntime.cpp, line 605]
Event: 1.243 Thread 0x000000000265e000 Exception <a 'java/lang/ArrayIndexOutOfBoundsException'> (0x00000000d75b5700) thrown at [C:\re\workspace\8-2-build-windows-amd64-cygwin\jdk8u131\8869\hotspot\src\share\vm\runtime\sharedRuntime.cpp, line 605]
Event: 1.244 Thread 0x000000000265e000 Exception <a 'java/lang/ArrayIndexOutOfBoundsException'> (0x00000000d75b6fa0) thrown at [C:\re\workspace\8-2-build-windows-amd64-cygwin\jdk8u131\8869\hotspot\src\share\vm\runtime\sharedRuntime.cpp, line 605]
Event: 1.244 Thread 0x000000000265e000 Exception <a 'java/lang/ArrayIndexOutOfBoundsException'> (0x00000000d75b86d8) thrown at [C:\re\workspace\8-2-build-windows-amd64-cygwin\jdk8u131\8869\hotspot\src\share\vm\runtime\sharedRuntime.cpp, line 605]
Event: 1.244 Thread 0x000000000265e000 Exception <a 'java/lang/ArrayIndexOutOfBoundsException'> (0x00000000d75b9418) thrown at [C:\re\workspace\8-2-build-windows-amd64-cygwin\jdk8u131\8869\hotspot\src\share\vm\runtime\sharedRuntime.cpp, line 605]

Events (10 events):
Event: 1.258 loading class org/eclipse/sisu/space/AbstractDeferredClass
Event: 1.258 loading class org/eclipse/sisu/space/AbstractDeferredClass done
Event: 1.259 loading class org/eclipse/sisu/plexus/PlexusXmlMetadata
Event: 1.259 loading class org/eclipse/sisu/plexus/PlexusXmlMetadata done
Event: 1.259 loading class org/eclipse/sisu/space/CloningClassSpace
Event: 1.259 loading class org/eclipse/sisu/space/CloningClassSpace done
Event: 1.259 loading class org/eclipse/sisu/space/CloningClassSpace$1
Event: 1.259 loading class org/eclipse/sisu/space/CloningClassSpace$1 done
Event: 1.260 loading class org/eclipse/sisu/space/CloningClassSpace$CloningClassLoader
Event: 1.260 loading class org/eclipse/sisu/space/CloningClassSpace$CloningClassLoader done


Dynamic libraries:
0x00007ff7c4f20000 - 0x00007ff7c4f57000 	C:\Program Files\Java\jdk1.8.0_131\bin\javaw.exe
0x00007ffe4ff40000 - 0x00007ffe5012d000 	C:\WINDOWS\SYSTEM32\ntdll.dll
0x00007ffe338e0000 - 0x00007ffe33907000 	c:\Program Files\Cylance\Desktop\CyMemDef64.dll
0x00007ffe4fa50000 - 0x00007ffe4fb03000 	C:\WINDOWS\System32\KERNEL32.DLL
0x00007ffe4cc30000 - 0x00007ffe4cec3000 	C:\WINDOWS\System32\KERNELBASE.dll
0x00007ffe4f810000 - 0x00007ffe4f8b3000 	C:\WINDOWS\System32\ADVAPI32.dll
0x00007ffe4d210000 - 0x00007ffe4d2ae000 	C:\WINDOWS\System32\msvcrt.dll
0x00007ffe4d170000 - 0x00007ffe4d20e000 	C:\WINDOWS\System32\sechost.dll
0x00007ffe4f920000 - 0x00007ffe4fa42000 	C:\WINDOWS\System32\RPCRT4.dll
0x00007ffe4e110000 - 0x00007ffe4e2a7000 	C:\WINDOWS\System32\USER32.dll
0x00007ffe4c910000 - 0x00007ffe4c930000 	C:\WINDOWS\System32\win32u.dll
0x00007ffe4feb0000 - 0x00007ffe4fed9000 	C:\WINDOWS\System32\GDI32.dll
0x00007ffe4ced0000 - 0x00007ffe4d06a000 	C:\WINDOWS\System32\gdi32full.dll
0x00007ffe4c930000 - 0x00007ffe4c9d0000 	C:\WINDOWS\System32\msvcp_win.dll
0x00007ffe4d070000 - 0x00007ffe4d16a000 	C:\WINDOWS\System32\ucrtbase.dll
0x00007ffe39960000 - 0x00007ffe39bd9000 	C:\WINDOWS\WinSxS\amd64_microsoft.windows.common-controls_6595b64144ccf1df_6.0.17763.529_none_05b84068071c8d5a\COMCTL32.dll
0x00007ffe4d830000 - 0x00007ffe4db5c000 	C:\WINDOWS\System32\combase.dll
0x00007ffe4c890000 - 0x00007ffe4c90e000 	C:\WINDOWS\System32\bcryptPrimitives.dll
0x00007ffe4fee0000 - 0x00007ffe4ff0e000 	C:\WINDOWS\System32\IMM32.DLL
0x0000000068360000 - 0x0000000068432000 	C:\Program Files\Java\jdk1.8.0_131\jre\bin\msvcr100.dll
0x00000000688c0000 - 0x000000006915c000 	C:\Program Files\Java\jdk1.8.0_131\jre\bin\server\jvm.dll
0x00007ffe4fe30000 - 0x00007ffe4fe38000 	C:\WINDOWS\System32\PSAPI.DLL
0x00007ffe33ed0000 - 0x00007ffe33ed9000 	C:\WINDOWS\SYSTEM32\WSOCK32.dll
0x00007ffe4fe40000 - 0x00007ffe4fead000 	C:\WINDOWS\System32\WS2_32.dll
0x00007ffe49e50000 - 0x00007ffe49e74000 	C:\WINDOWS\SYSTEM32\WINMM.dll
0x00007ffe4aef0000 - 0x00007ffe4aefa000 	C:\WINDOWS\SYSTEM32\VERSION.dll
0x00007ffe49e20000 - 0x00007ffe49e4d000 	C:\WINDOWS\SYSTEM32\WINMMBASE.dll
0x00007ffe4c840000 - 0x00007ffe4c88a000 	C:\WINDOWS\System32\cfgmgr32.dll
0x00000000691b0000 - 0x00000000691bf000 	C:\Program Files\Java\jdk1.8.0_131\jre\bin\verify.dll
0x0000000068890000 - 0x00000000688b9000 	C:\Program Files\Java\jdk1.8.0_131\jre\bin\java.dll
0x0000000068870000 - 0x0000000068886000 	C:\Program Files\Java\jdk1.8.0_131\jre\bin\zip.dll
0x00007ffe4e2c0000 - 0x00007ffe4f7b0000 	C:\WINDOWS\System32\SHELL32.dll
0x00007ffe4d310000 - 0x00007ffe4d3b8000 	C:\WINDOWS\System32\shcore.dll
0x00007ffe4c0f0000 - 0x00007ffe4c83a000 	C:\WINDOWS\System32\windows.storage.dll
0x00007ffe4bf60000 - 0x00007ffe4bf84000 	C:\WINDOWS\System32\profapi.dll
0x00007ffe4bfb0000 - 0x00007ffe4c00d000 	C:\WINDOWS\System32\powrprof.dll
0x00007ffe4f7b0000 - 0x00007ffe4f802000 	C:\WINDOWS\System32\shlwapi.dll
0x00007ffe4bf90000 - 0x00007ffe4bfa1000 	C:\WINDOWS\System32\kernel.appcore.dll
0x00007ffe4cc10000 - 0x00007ffe4cc27000 	C:\WINDOWS\System32\cryptsp.dll
0x00007ffe4b0c0000 - 0x00007ffe4b0f3000 	C:\WINDOWS\system32\rsaenh.dll
0x00007ffe4c0c0000 - 0x00007ffe4c0e6000 	C:\WINDOWS\System32\bcrypt.dll
0x00007ffe4be70000 - 0x00007ffe4be98000 	C:\WINDOWS\SYSTEM32\USERENV.dll
0x00007ffe4b990000 - 0x00007ffe4b99c000 	C:\WINDOWS\SYSTEM32\CRYPTBASE.dll
0x0000000068850000 - 0x000000006886a000 	C:\Program Files\Java\jdk1.8.0_131\jre\bin\net.dll
0x00007ffe4b760000 - 0x00007ffe4b7c7000 	C:\WINDOWS\system32\mswsock.dll
0x00007ffe4b4c0000 - 0x00007ffe4b4fd000 	C:\WINDOWS\SYSTEM32\IPHLPAPI.DLL
0x00007ffe4fda0000 - 0x00007ffe4fda8000 	C:\WINDOWS\System32\NSI.dll
0x00007ffe47b90000 - 0x00007ffe47ba6000 	C:\WINDOWS\SYSTEM32\dhcpcsvc6.DLL
0x00007ffe47a80000 - 0x00007ffe47a9c000 	C:\WINDOWS\SYSTEM32\dhcpcsvc.DLL
0x00007ffe4b500000 - 0x00007ffe4b5c6000 	C:\WINDOWS\SYSTEM32\DNSAPI.dll
0x0000000068830000 - 0x0000000068841000 	C:\Program Files\Java\jdk1.8.0_131\jre\bin\nio.dll
0x00007ffe43bf0000 - 0x00007ffe43bfa000 	C:\Users\proberts\AppData\Local\Temp\jansi-1.17-2516021726303603358.dll
0x00007ffe3dfe0000 - 0x00007ffe3dfea000 	C:\Users\proberts\AppData\Local\Temp\jansi-1.17-8982885039752336908.dll

VM Arguments:
jvm_args: -Dmaven.home=EMBEDDED -Dclassworlds.conf=C:\Users\proberts\eclipse-java-workspace\.metadata\.plugins\org.eclipse.m2e.launching\launches\m2conf8187399076347955784.tmp -Dmaven.multiModuleProjectDirectory=C:\Source\ArduBlocks\ardublock -Dfile.encoding=Cp1252 
java_command: org.codehaus.plexus.classworlds.launcher.Launcher -B install
java_class_path (initial): C:\Users\proberts\.p2\pool\plugins\org.eclipse.m2e.maven.runtime_1.11.0.20190220-2117\jars\plexus-classworlds-2.5.2.jar
Launcher Type: SUN_STANDARD

Environment Variables:
PATH=C:/Program Files/Java/jdk1.8.0_131/jre/bin/server;C:/Program Files/Java/jdk1.8.0_131/jre/bin;C:/Program Files/Java/jdk1.8.0_131/jre/lib/amd64;C:\Program Files\Microsoft MPI\Bin\;C:\WINDOWS\system32;C:\WINDOWS;C:\WINDOWS\System32\Wbem;C:\WINDOWS\System32\WindowsPowerShell\v1.0\;C:\Program Files\PuTTY\;C:\Program Files\Borland\StarTeam SDK 15.0\lib;C:\Program Files\Borland\StarTeam SDK 15.0\bin;C:\Program Files\dotnet\;C:\Program Files\Microsoft SQL Server\130\Tools\Binn\;C:\Python27;C:\Windows\Microsoft.NET\Framework\v4.0.30319;C:\WinDDK\7600.16385.1\bin\x86;C:\Program Files (x86)\Yarn\bin\;C:\Users\proberts\Documents\WinPython\python-3.6.5.amd64;C:\WINDOWS\System32\OpenSSH\;C:\Program Files (x86)\mingw-w64\i686-7.3.0-posix-sjlj-rt_v5-rev0\mingw32\bin;C:\msys64;C:\Program Files (x86)\Java\jdk1.8.0_131\bin;C:\Users\proberts\AppData\Local\Microsoft\WindowsApps;C:\Users\proberts\AppData\Local\Yarn\bin;C:\Users\proberts\AppData\Local\Programs\Microsoft VS Code\bin;C:\Program Files (x86)\Microsoft Visual Studio\2017\BuildTools\Common7\IDE\CommonExtensions\Microsoft\FSharp;C:\msys64\usr\share\bash-completion;C:\Program Files (x86)\Java\jdk1.8.0_131\bin;C:\ProgramData\proberts\GitHubDesktop\bin;C:\Users\proberts\Desktop;
USERNAME=proberts
OS=Windows_NT
PROCESSOR_IDENTIFIER=Intel64 Family 6 Model 94 Stepping 3, GenuineIntel



---------------  S Y S T E M  ---------------

OS: Windows 10.0 , 64 bit Build 17763 (10.0.17763.475)

CPU:total 4 (initial active 4) (4 cores per cpu, 1 threads per core) family 6 model 94 stepping 3, cmov, cx8, fxsr, mmx, sse, sse2, sse3, ssse3, sse4.1, sse4.2, popcnt, avx, avx2, aes, clmul, erms, rtm, 3dnowpref, lzcnt, tsc, tscinvbit, bmi1, bmi2, adx

Memory: 4k page, physical 8250308k(645768k free), swap 33416132k(5240k free)

vm_info: Java HotSpot(TM) 64-Bit Server VM (25.131-b11) for windows-amd64 JRE (1.8.0_131-b11), built on Mar 15 2017 01:23:53 by "java_re" with MS VC++ 10.0 (VS2010)

time: Tue Sep 24 13:19:25 2019
elapsed time: 1 seconds (0d 0h 0m 1s)

